<?xml version="1.0" encoding="UTF-8"?>
<!-- Generated by org.testng.reporters.JUnitXMLReporter -->
<testsuite ignored="0" hostname="MINDTRACKERS" failures="0" tests="2" name="Surefire test" time="48.916" errors="0" timestamp="2024-10-03T20:23:17 IST">
  <testcase classname="io.cucumber.testng.AbstractTestNGCucumberTests" name="runScenario" time="33.819"/>
  <testcase classname="io.cucumber.testng.AbstractTestNGCucumberTests" name="runScenario" time="12.948"/>
</testsuite> <!-- Surefire test -->
