<?xml version="1.0" encoding="UTF-8"?>
<testng-results ignored="0" total="2" passed="2" failed="0" skipped="0">
  <reporter-output>
  </reporter-output>
  <suite started-at="2024-10-03T20:22:28 IST" name="Surefire suite" finished-at="2024-10-03T20:23:17 IST" duration-ms="48916">
    <groups>
      <group name="cucumber">
        <method signature="AbstractTestNGCucumberTests.runScenario(io.cucumber.testng.PickleWrapper,io.cucumber.testng.FeatureWrapper)[pri:0, instance:com.project.runner.TestRunner@45f45fa1]" name="runScenario" class="io.cucumber.testng.AbstractTestNGCucumberTests"/>
      </group> <!-- cucumber -->
    </groups>
    <test started-at="2024-10-03T20:22:28 IST" name="Surefire test" finished-at="2024-10-03T20:23:17 IST" duration-ms="48916">
      <class name="com.project.runner.TestRunner">
        <test-method is-config="true" signature="setUpClass(org.testng.ITestContext)[pri:0, instance:com.project.runner.TestRunner@45f45fa1]" started-at="2024-10-03T20:22:28 IST" name="setUpClass" finished-at="2024-10-03T20:22:30 IST" duration-ms="1882" status="PASS">
          <params>
            <param index="0">
              <value>
                <![CDATA[org.testng.TestRunner@7e2f86e6]]>
              </value>
            </param>
          </params>
          <reporter-output>
          </reporter-output>
        </test-method> <!-- setUpClass -->
        <test-method signature="runScenario(io.cucumber.testng.PickleWrapper,io.cucumber.testng.FeatureWrapper)[pri:0, instance:com.project.runner.TestRunner@45f45fa1]" started-at="2024-10-03T20:22:30 IST" name="runScenario" description="Runs Cucumber Scenarios" data-provider="scenarios" finished-at="2024-10-03T20:23:04 IST" duration-ms="33819" status="PASS">
          <params>
            <param index="0">
              <value>
                <![CDATA["google page"]]>
              </value>
            </param>
            <param index="1">
              <value>
                <![CDATA["Feature file impl."]]>
              </value>
            </param>
          </params>
          <reporter-output>
          </reporter-output>
        </test-method> <!-- runScenario -->
        <test-method signature="runScenario(io.cucumber.testng.PickleWrapper,io.cucumber.testng.FeatureWrapper)[pri:0, instance:com.project.runner.TestRunner@45f45fa1]" started-at="2024-10-03T20:23:04 IST" name="runScenario" description="Runs Cucumber Scenarios" data-provider="scenarios" finished-at="2024-10-03T20:23:17 IST" duration-ms="12948" status="PASS">
          <params>
            <param index="0">
              <value>
                <![CDATA["google page"]]>
              </value>
            </param>
            <param index="1">
              <value>
                <![CDATA["Feature file impl."]]>
              </value>
            </param>
          </params>
          <reporter-output>
          </reporter-output>
        </test-method> <!-- runScenario -->
        <test-method is-config="true" signature="tearDownClass()[pri:0, instance:com.project.runner.TestRunner@45f45fa1]" started-at="2024-10-03T20:23:17 IST" name="tearDownClass" finished-at="2024-10-03T20:23:17 IST" duration-ms="47" status="PASS">
          <reporter-output>
          </reporter-output>
        </test-method> <!-- tearDownClass -->
      </class> <!-- com.project.runner.TestRunner -->
    </test> <!-- Surefire test -->
  </suite> <!-- Surefire suite -->
</testng-results>
